0 info it worked if it ends with ok
1 verbose cli [ '/usr/local/bin/node', '/usr/local/bin/npm', 'run', 'dev' ]
2 info using npm@3.10.9
3 info using node@v7.1.0
4 verbose run-script [ 'predev', 'dev', 'postdev' ]
5 info lifecycle demo_vue-loader-example@0.0.1~predev: demo_vue-loader-example@0.0.1
6 silly lifecycle demo_vue-loader-example@0.0.1~predev: no script for predev, continuing
7 info lifecycle demo_vue-loader-example@0.0.1~dev: demo_vue-loader-example@0.0.1
8 verbose lifecycle demo_vue-loader-example@0.0.1~dev: unsafe-perm in lifecycle true
9 verbose lifecycle demo_vue-loader-example@0.0.1~dev: PATH: /usr/local/lib/node_modules/npm/bin/node-gyp-bin:/Users/zhanghongbo/develop/DockerTools/code/CoderShawnZhang.github.io/node_modules/.bin:/usr/local/bin:/usr/local/sbin:/usr/local/opt/php70/bin:/usr/local/bin:/usr/bin:/bin:/usr/sbin:/sbin:/usr/local/mysql/bin
10 verbose lifecycle demo_vue-loader-example@0.0.1~dev: CWD: /Users/zhanghongbo/develop/DockerTools/code/CoderShawnZhang.github.io
11 silly lifecycle demo_vue-loader-example@0.0.1~dev: Args: [ '-c', 'webpack-dev-server --inline --hot --quiet' ]
12 silly lifecycle demo_vue-loader-example@0.0.1~dev: Returned: code: 1  signal: null
13 info lifecycle demo_vue-loader-example@0.0.1~dev: Failed to exec dev script
14 verbose stack Error: demo_vue-loader-example@0.0.1 dev: `webpack-dev-server --inline --hot --quiet`
14 verbose stack Exit status 1
14 verbose stack     at EventEmitter.<anonymous> (/usr/local/lib/node_modules/npm/lib/utils/lifecycle.js:255:16)
14 verbose stack     at emitTwo (events.js:106:13)
14 verbose stack     at EventEmitter.emit (events.js:191:7)
14 verbose stack     at ChildProcess.<anonymous> (/usr/local/lib/node_modules/npm/lib/utils/spawn.js:40:14)
14 verbose stack     at emitTwo (events.js:106:13)
14 verbose stack     at ChildProcess.emit (events.js:191:7)
14 verbose stack     at maybeClose (internal/child_process.js:885:16)
14 verbose stack     at Process.ChildProcess._handle.onexit (internal/child_process.js:226:5)
15 verbose pkgid demo_vue-loader-example@0.0.1
16 verbose cwd /Users/zhanghongbo/develop/DockerTools/code/CoderShawnZhang.github.io
17 error Darwin 17.2.0
18 error argv "/usr/local/bin/node" "/usr/local/bin/npm" "run" "dev"
19 error node v7.1.0
20 error npm  v3.10.9
21 error code ELIFECYCLE
22 error demo_vue-loader-example@0.0.1 dev: `webpack-dev-server --inline --hot --quiet`
22 error Exit status 1
23 error Failed at the demo_vue-loader-example@0.0.1 dev script 'webpack-dev-server --inline --hot --quiet'.
23 error Make sure you have the latest version of node.js and npm installed.
23 error If you do, this is most likely a problem with the demo_vue-loader-example package,
23 error not with npm itself.
23 error Tell the author that this fails on your system:
23 error     webpack-dev-server --inline --hot --quiet
23 error You can get information on how to open an issue for this project with:
23 error     npm bugs demo_vue-loader-example
23 error Or if that isn't available, you can get their info via:
23 error     npm owner ls demo_vue-loader-example
23 error There is likely additional logging output above.
24 verbose exit [ 1, true ]
